[2025-03-03 13:16:45] local.INFO: Detected N+1 Query  
[2025-03-03 13:16:45] local.INFO: Model: App\Models\Story
Relation: story_slides
Num-Called: 8
Call-Stack:
#18 /storage/framework/views/ecf9475cf28794f4fa859ae5b5adcdd2.php:362
#20 /vendor/laravel/framework/src/Illuminate/Filesystem/Filesystem.php:124
#21 /vendor/laravel/framework/src/Illuminate/View/Engines/PhpEngine.php:58
#22 /vendor/livewire/livewire/src/Mechanisms/ExtendBlade/ExtendedCompilerEngine.php:22
#23 /vendor/laravel/framework/src/Illuminate/View/Engines/CompilerEngine.php:72
#24 /vendor/livewire/livewire/src/Mechanisms/ExtendBlade/ExtendedCompilerEngine.php:10
#25 /vendor/laravel/framework/src/Illuminate/View/View.php:207
#26 /vendor/laravel/framework/src/Illuminate/View/View.php:190
#27 /vendor/laravel/framework/src/Illuminate/View/View.php:159
#28 /vendor/laravel/framework/src/Illuminate/Http/Response.php:69
#29 /vendor/laravel/framework/src/Illuminate/Http/Response.php:35
#30 /vendor/laravel/framework/src/Illuminate/Routing/Router.php:918
#31 /vendor/laravel/framework/src/Illuminate/Routing/Router.php:885
#32 /vendor/laravel/framework/src/Illuminate/Routing/Router.php:805
#33 /vendor/laravel/framework/src/Illuminate/Pipeline/Pipeline.php:144
#34 /vendor/barryvdh/laravel-debugbar/src/Middleware/InjectDebugbar.php:66
#35 /vendor/laravel/framework/src/Illuminate/Pipeline/Pipeline.php:183
#36 /app/Http/Middleware/DemoMiddleware.php:22
#37 /vendor/laravel/framework/src/Illuminate/Pipeline/Pipeline.php:183
#38 /vendor/laravel/framework/src/Illuminate/Routing/Middleware/SubstituteBindings.php:50
#39 /vendor/laravel/framework/src/Illuminate/Pipeline/Pipeline.php:183
#40 /vendor/laravel/framework/src/Illuminate/Foundation/Http/Middleware/VerifyCsrfToken.php:78
#41 /vendor/laravel/framework/src/Illuminate/Pipeline/Pipeline.php:183
#42 /vendor/laravel/framework/src/Illuminate/View/Middleware/ShareErrorsFromSession.php:49
#43 /vendor/laravel/framework/src/Illuminate/Pipeline/Pipeline.php:183
#44 /vendor/laravel/framework/src/Illuminate/Session/Middleware/StartSession.php:121
#45 /vendor/laravel/framework/src/Illuminate/Session/Middleware/StartSession.php:64
#46 /vendor/laravel/framework/src/Illuminate/Pipeline/Pipeline.php:183
#47 /vendor/laravel/framework/src/Illuminate/Cookie/Middleware/AddQueuedCookiesToResponse.php:37
#48 /vendor/laravel/framework/src/Illuminate/Pipeline/Pipeline.php:183
#49 /vendor/laravel/framework/src/Illuminate/Cookie/Middleware/EncryptCookies.php:67
  
[2025-03-03 13:16:45] local.INFO: Model: App\Models\Story
Relation: topic
Num-Called: 8
Call-Stack:
#20 /storage/framework/views/ecf9475cf28794f4fa859ae5b5adcdd2.php:373
#22 /vendor/laravel/framework/src/Illuminate/Filesystem/Filesystem.php:124
#23 /vendor/laravel/framework/src/Illuminate/View/Engines/PhpEngine.php:58
#24 /vendor/livewire/livewire/src/Mechanisms/ExtendBlade/ExtendedCompilerEngine.php:22
#25 /vendor/laravel/framework/src/Illuminate/View/Engines/CompilerEngine.php:72
#26 /vendor/livewire/livewire/src/Mechanisms/ExtendBlade/ExtendedCompilerEngine.php:10
#27 /vendor/laravel/framework/src/Illuminate/View/View.php:207
#28 /vendor/laravel/framework/src/Illuminate/View/View.php:190
#29 /vendor/laravel/framework/src/Illuminate/View/View.php:159
#30 /vendor/laravel/framework/src/Illuminate/Http/Response.php:69
#31 /vendor/laravel/framework/src/Illuminate/Http/Response.php:35
#32 /vendor/laravel/framework/src/Illuminate/Routing/Router.php:918
#33 /vendor/laravel/framework/src/Illuminate/Routing/Router.php:885
#34 /vendor/laravel/framework/src/Illuminate/Routing/Router.php:805
#35 /vendor/laravel/framework/src/Illuminate/Pipeline/Pipeline.php:144
#36 /vendor/barryvdh/laravel-debugbar/src/Middleware/InjectDebugbar.php:66
#37 /vendor/laravel/framework/src/Illuminate/Pipeline/Pipeline.php:183
#38 /app/Http/Middleware/DemoMiddleware.php:22
#39 /vendor/laravel/framework/src/Illuminate/Pipeline/Pipeline.php:183
#40 /vendor/laravel/framework/src/Illuminate/Routing/Middleware/SubstituteBindings.php:50
#41 /vendor/laravel/framework/src/Illuminate/Pipeline/Pipeline.php:183
#42 /vendor/laravel/framework/src/Illuminate/Foundation/Http/Middleware/VerifyCsrfToken.php:78
#43 /vendor/laravel/framework/src/Illuminate/Pipeline/Pipeline.php:183
#44 /vendor/laravel/framework/src/Illuminate/View/Middleware/ShareErrorsFromSession.php:49
#45 /vendor/laravel/framework/src/Illuminate/Pipeline/Pipeline.php:183
#46 /vendor/laravel/framework/src/Illuminate/Session/Middleware/StartSession.php:121
#47 /vendor/laravel/framework/src/Illuminate/Session/Middleware/StartSession.php:64
#48 /vendor/laravel/framework/src/Illuminate/Pipeline/Pipeline.php:183
#49 /vendor/laravel/framework/src/Illuminate/Cookie/Middleware/AddQueuedCookiesToResponse.php:37
  
[2025-03-03 13:17:22] local.INFO: Detected N+1 Query  
[2025-03-03 13:17:22] local.INFO: Model: App\Models\Story
Relation: story_slides
Num-Called: 8
Call-Stack:
#18 /storage/framework/views/ecf9475cf28794f4fa859ae5b5adcdd2.php:362
#20 /vendor/laravel/framework/src/Illuminate/Filesystem/Filesystem.php:124
#21 /vendor/laravel/framework/src/Illuminate/View/Engines/PhpEngine.php:58
#22 /vendor/livewire/livewire/src/Mechanisms/ExtendBlade/ExtendedCompilerEngine.php:22
#23 /vendor/laravel/framework/src/Illuminate/View/Engines/CompilerEngine.php:72
#24 /vendor/livewire/livewire/src/Mechanisms/ExtendBlade/ExtendedCompilerEngine.php:10
#25 /vendor/laravel/framework/src/Illuminate/View/View.php:207
#26 /vendor/laravel/framework/src/Illuminate/View/View.php:190
#27 /vendor/laravel/framework/src/Illuminate/View/View.php:159
#28 /vendor/laravel/framework/src/Illuminate/Http/Response.php:69
#29 /vendor/laravel/framework/src/Illuminate/Http/Response.php:35
#30 /vendor/laravel/framework/src/Illuminate/Routing/Router.php:918
#31 /vendor/laravel/framework/src/Illuminate/Routing/Router.php:885
#32 /vendor/laravel/framework/src/Illuminate/Routing/Router.php:805
#33 /vendor/laravel/framework/src/Illuminate/Pipeline/Pipeline.php:144
#34 /vendor/barryvdh/laravel-debugbar/src/Middleware/InjectDebugbar.php:66
#35 /vendor/laravel/framework/src/Illuminate/Pipeline/Pipeline.php:183
#36 /app/Http/Middleware/DemoMiddleware.php:22
#37 /vendor/laravel/framework/src/Illuminate/Pipeline/Pipeline.php:183
#38 /vendor/laravel/framework/src/Illuminate/Routing/Middleware/SubstituteBindings.php:50
#39 /vendor/laravel/framework/src/Illuminate/Pipeline/Pipeline.php:183
#40 /vendor/laravel/framework/src/Illuminate/Foundation/Http/Middleware/VerifyCsrfToken.php:78
#41 /vendor/laravel/framework/src/Illuminate/Pipeline/Pipeline.php:183
#42 /vendor/laravel/framework/src/Illuminate/View/Middleware/ShareErrorsFromSession.php:49
#43 /vendor/laravel/framework/src/Illuminate/Pipeline/Pipeline.php:183
#44 /vendor/laravel/framework/src/Illuminate/Session/Middleware/StartSession.php:121
#45 /vendor/laravel/framework/src/Illuminate/Session/Middleware/StartSession.php:64
#46 /vendor/laravel/framework/src/Illuminate/Pipeline/Pipeline.php:183
#47 /vendor/laravel/framework/src/Illuminate/Cookie/Middleware/AddQueuedCookiesToResponse.php:37
#48 /vendor/laravel/framework/src/Illuminate/Pipeline/Pipeline.php:183
#49 /vendor/laravel/framework/src/Illuminate/Cookie/Middleware/EncryptCookies.php:67
  
[2025-03-03 13:17:22] local.INFO: Model: App\Models\Story
Relation: topic
Num-Called: 8
Call-Stack:
#20 /storage/framework/views/ecf9475cf28794f4fa859ae5b5adcdd2.php:373
#22 /vendor/laravel/framework/src/Illuminate/Filesystem/Filesystem.php:124
#23 /vendor/laravel/framework/src/Illuminate/View/Engines/PhpEngine.php:58
#24 /vendor/livewire/livewire/src/Mechanisms/ExtendBlade/ExtendedCompilerEngine.php:22
#25 /vendor/laravel/framework/src/Illuminate/View/Engines/CompilerEngine.php:72
#26 /vendor/livewire/livewire/src/Mechanisms/ExtendBlade/ExtendedCompilerEngine.php:10
#27 /vendor/laravel/framework/src/Illuminate/View/View.php:207
#28 /vendor/laravel/framework/src/Illuminate/View/View.php:190
#29 /vendor/laravel/framework/src/Illuminate/View/View.php:159
#30 /vendor/laravel/framework/src/Illuminate/Http/Response.php:69
#31 /vendor/laravel/framework/src/Illuminate/Http/Response.php:35
#32 /vendor/laravel/framework/src/Illuminate/Routing/Router.php:918
#33 /vendor/laravel/framework/src/Illuminate/Routing/Router.php:885
#34 /vendor/laravel/framework/src/Illuminate/Routing/Router.php:805
#35 /vendor/laravel/framework/src/Illuminate/Pipeline/Pipeline.php:144
#36 /vendor/barryvdh/laravel-debugbar/src/Middleware/InjectDebugbar.php:66
#37 /vendor/laravel/framework/src/Illuminate/Pipeline/Pipeline.php:183
#38 /app/Http/Middleware/DemoMiddleware.php:22
#39 /vendor/laravel/framework/src/Illuminate/Pipeline/Pipeline.php:183
#40 /vendor/laravel/framework/src/Illuminate/Routing/Middleware/SubstituteBindings.php:50
#41 /vendor/laravel/framework/src/Illuminate/Pipeline/Pipeline.php:183
#42 /vendor/laravel/framework/src/Illuminate/Foundation/Http/Middleware/VerifyCsrfToken.php:78
#43 /vendor/laravel/framework/src/Illuminate/Pipeline/Pipeline.php:183
#44 /vendor/laravel/framework/src/Illuminate/View/Middleware/ShareErrorsFromSession.php:49
#45 /vendor/laravel/framework/src/Illuminate/Pipeline/Pipeline.php:183
#46 /vendor/laravel/framework/src/Illuminate/Session/Middleware/StartSession.php:121
#47 /vendor/laravel/framework/src/Illuminate/Session/Middleware/StartSession.php:64
#48 /vendor/laravel/framework/src/Illuminate/Pipeline/Pipeline.php:183
#49 /vendor/laravel/framework/src/Illuminate/Cookie/Middleware/AddQueuedCookiesToResponse.php:37
  
[2025-03-03 13:17:58] local.INFO: Detected N+1 Query  
[2025-03-03 13:17:58] local.INFO: Model: App\Models\Story
Relation: story_slides
Num-Called: 8
Call-Stack:
#18 /storage/framework/views/ecf9475cf28794f4fa859ae5b5adcdd2.php:362
#20 /vendor/laravel/framework/src/Illuminate/Filesystem/Filesystem.php:124
#21 /vendor/laravel/framework/src/Illuminate/View/Engines/PhpEngine.php:58
#22 /vendor/livewire/livewire/src/Mechanisms/ExtendBlade/ExtendedCompilerEngine.php:22
#23 /vendor/laravel/framework/src/Illuminate/View/Engines/CompilerEngine.php:72
#24 /vendor/livewire/livewire/src/Mechanisms/ExtendBlade/ExtendedCompilerEngine.php:10
#25 /vendor/laravel/framework/src/Illuminate/View/View.php:207
#26 /vendor/laravel/framework/src/Illuminate/View/View.php:190
#27 /vendor/laravel/framework/src/Illuminate/View/View.php:159
#28 /vendor/laravel/framework/src/Illuminate/Http/Response.php:69
#29 /vendor/laravel/framework/src/Illuminate/Http/Response.php:35
#30 /vendor/laravel/framework/src/Illuminate/Routing/Router.php:918
#31 /vendor/laravel/framework/src/Illuminate/Routing/Router.php:885
#32 /vendor/laravel/framework/src/Illuminate/Routing/Router.php:805
#33 /vendor/laravel/framework/src/Illuminate/Pipeline/Pipeline.php:144
#34 /vendor/barryvdh/laravel-debugbar/src/Middleware/InjectDebugbar.php:66
#35 /vendor/laravel/framework/src/Illuminate/Pipeline/Pipeline.php:183
#36 /app/Http/Middleware/DemoMiddleware.php:22
#37 /vendor/laravel/framework/src/Illuminate/Pipeline/Pipeline.php:183
#38 /vendor/laravel/framework/src/Illuminate/Routing/Middleware/SubstituteBindings.php:50
#39 /vendor/laravel/framework/src/Illuminate/Pipeline/Pipeline.php:183
#40 /vendor/laravel/framework/src/Illuminate/Foundation/Http/Middleware/VerifyCsrfToken.php:78
#41 /vendor/laravel/framework/src/Illuminate/Pipeline/Pipeline.php:183
#42 /vendor/laravel/framework/src/Illuminate/View/Middleware/ShareErrorsFromSession.php:49
#43 /vendor/laravel/framework/src/Illuminate/Pipeline/Pipeline.php:183
#44 /vendor/laravel/framework/src/Illuminate/Session/Middleware/StartSession.php:121
#45 /vendor/laravel/framework/src/Illuminate/Session/Middleware/StartSession.php:64
#46 /vendor/laravel/framework/src/Illuminate/Pipeline/Pipeline.php:183
#47 /vendor/laravel/framework/src/Illuminate/Cookie/Middleware/AddQueuedCookiesToResponse.php:37
#48 /vendor/laravel/framework/src/Illuminate/Pipeline/Pipeline.php:183
#49 /vendor/laravel/framework/src/Illuminate/Cookie/Middleware/EncryptCookies.php:67
  
[2025-03-03 13:17:58] local.INFO: Model: App\Models\Story
Relation: topic
Num-Called: 8
Call-Stack:
#20 /storage/framework/views/ecf9475cf28794f4fa859ae5b5adcdd2.php:373
#22 /vendor/laravel/framework/src/Illuminate/Filesystem/Filesystem.php:124
#23 /vendor/laravel/framework/src/Illuminate/View/Engines/PhpEngine.php:58
#24 /vendor/livewire/livewire/src/Mechanisms/ExtendBlade/ExtendedCompilerEngine.php:22
#25 /vendor/laravel/framework/src/Illuminate/View/Engines/CompilerEngine.php:72
#26 /vendor/livewire/livewire/src/Mechanisms/ExtendBlade/ExtendedCompilerEngine.php:10
#27 /vendor/laravel/framework/src/Illuminate/View/View.php:207
#28 /vendor/laravel/framework/src/Illuminate/View/View.php:190
#29 /vendor/laravel/framework/src/Illuminate/View/View.php:159
#30 /vendor/laravel/framework/src/Illuminate/Http/Response.php:69
#31 /vendor/laravel/framework/src/Illuminate/Http/Response.php:35
#32 /vendor/laravel/framework/src/Illuminate/Routing/Router.php:918
#33 /vendor/laravel/framework/src/Illuminate/Routing/Router.php:885
#34 /vendor/laravel/framework/src/Illuminate/Routing/Router.php:805
#35 /vendor/laravel/framework/src/Illuminate/Pipeline/Pipeline.php:144
#36 /vendor/barryvdh/laravel-debugbar/src/Middleware/InjectDebugbar.php:66
#37 /vendor/laravel/framework/src/Illuminate/Pipeline/Pipeline.php:183
#38 /app/Http/Middleware/DemoMiddleware.php:22
#39 /vendor/laravel/framework/src/Illuminate/Pipeline/Pipeline.php:183
#40 /vendor/laravel/framework/src/Illuminate/Routing/Middleware/SubstituteBindings.php:50
#41 /vendor/laravel/framework/src/Illuminate/Pipeline/Pipeline.php:183
#42 /vendor/laravel/framework/src/Illuminate/Foundation/Http/Middleware/VerifyCsrfToken.php:78
#43 /vendor/laravel/framework/src/Illuminate/Pipeline/Pipeline.php:183
#44 /vendor/laravel/framework/src/Illuminate/View/Middleware/ShareErrorsFromSession.php:49
#45 /vendor/laravel/framework/src/Illuminate/Pipeline/Pipeline.php:183
#46 /vendor/laravel/framework/src/Illuminate/Session/Middleware/StartSession.php:121
#47 /vendor/laravel/framework/src/Illuminate/Session/Middleware/StartSession.php:64
#48 /vendor/laravel/framework/src/Illuminate/Pipeline/Pipeline.php:183
#49 /vendor/laravel/framework/src/Illuminate/Cookie/Middleware/AddQueuedCookiesToResponse.php:37
  
[2025-03-03 13:18:31] local.INFO: Detected N+1 Query  
[2025-03-03 13:18:31] local.INFO: Model: App\Models\Story
Relation: story_slides
Num-Called: 8
Call-Stack:
#18 /storage/framework/views/ecf9475cf28794f4fa859ae5b5adcdd2.php:362
#20 /vendor/laravel/framework/src/Illuminate/Filesystem/Filesystem.php:124
#21 /vendor/laravel/framework/src/Illuminate/View/Engines/PhpEngine.php:58
#22 /vendor/livewire/livewire/src/Mechanisms/ExtendBlade/ExtendedCompilerEngine.php:22
#23 /vendor/laravel/framework/src/Illuminate/View/Engines/CompilerEngine.php:72
#24 /vendor/livewire/livewire/src/Mechanisms/ExtendBlade/ExtendedCompilerEngine.php:10
#25 /vendor/laravel/framework/src/Illuminate/View/View.php:207
#26 /vendor/laravel/framework/src/Illuminate/View/View.php:190
#27 /vendor/laravel/framework/src/Illuminate/View/View.php:159
#28 /vendor/laravel/framework/src/Illuminate/Http/Response.php:69
#29 /vendor/laravel/framework/src/Illuminate/Http/Response.php:35
#30 /vendor/laravel/framework/src/Illuminate/Routing/Router.php:918
#31 /vendor/laravel/framework/src/Illuminate/Routing/Router.php:885
#32 /vendor/laravel/framework/src/Illuminate/Routing/Router.php:805
#33 /vendor/laravel/framework/src/Illuminate/Pipeline/Pipeline.php:144
#34 /vendor/barryvdh/laravel-debugbar/src/Middleware/InjectDebugbar.php:66
#35 /vendor/laravel/framework/src/Illuminate/Pipeline/Pipeline.php:183
#36 /app/Http/Middleware/DemoMiddleware.php:22
#37 /vendor/laravel/framework/src/Illuminate/Pipeline/Pipeline.php:183
#38 /vendor/laravel/framework/src/Illuminate/Routing/Middleware/SubstituteBindings.php:50
#39 /vendor/laravel/framework/src/Illuminate/Pipeline/Pipeline.php:183
#40 /vendor/laravel/framework/src/Illuminate/Foundation/Http/Middleware/VerifyCsrfToken.php:78
#41 /vendor/laravel/framework/src/Illuminate/Pipeline/Pipeline.php:183
#42 /vendor/laravel/framework/src/Illuminate/View/Middleware/ShareErrorsFromSession.php:49
#43 /vendor/laravel/framework/src/Illuminate/Pipeline/Pipeline.php:183
#44 /vendor/laravel/framework/src/Illuminate/Session/Middleware/StartSession.php:121
#45 /vendor/laravel/framework/src/Illuminate/Session/Middleware/StartSession.php:64
#46 /vendor/laravel/framework/src/Illuminate/Pipeline/Pipeline.php:183
#47 /vendor/laravel/framework/src/Illuminate/Cookie/Middleware/AddQueuedCookiesToResponse.php:37
#48 /vendor/laravel/framework/src/Illuminate/Pipeline/Pipeline.php:183
#49 /vendor/laravel/framework/src/Illuminate/Cookie/Middleware/EncryptCookies.php:67
  
[2025-03-03 13:18:31] local.INFO: Model: App\Models\Story
Relation: topic
Num-Called: 8
Call-Stack:
#20 /storage/framework/views/ecf9475cf28794f4fa859ae5b5adcdd2.php:373
#22 /vendor/laravel/framework/src/Illuminate/Filesystem/Filesystem.php:124
#23 /vendor/laravel/framework/src/Illuminate/View/Engines/PhpEngine.php:58
#24 /vendor/livewire/livewire/src/Mechanisms/ExtendBlade/ExtendedCompilerEngine.php:22
#25 /vendor/laravel/framework/src/Illuminate/View/Engines/CompilerEngine.php:72
#26 /vendor/livewire/livewire/src/Mechanisms/ExtendBlade/ExtendedCompilerEngine.php:10
#27 /vendor/laravel/framework/src/Illuminate/View/View.php:207
#28 /vendor/laravel/framework/src/Illuminate/View/View.php:190
#29 /vendor/laravel/framework/src/Illuminate/View/View.php:159
#30 /vendor/laravel/framework/src/Illuminate/Http/Response.php:69
#31 /vendor/laravel/framework/src/Illuminate/Http/Response.php:35
#32 /vendor/laravel/framework/src/Illuminate/Routing/Router.php:918
#33 /vendor/laravel/framework/src/Illuminate/Routing/Router.php:885
#34 /vendor/laravel/framework/src/Illuminate/Routing/Router.php:805
#35 /vendor/laravel/framework/src/Illuminate/Pipeline/Pipeline.php:144
#36 /vendor/barryvdh/laravel-debugbar/src/Middleware/InjectDebugbar.php:66
#37 /vendor/laravel/framework/src/Illuminate/Pipeline/Pipeline.php:183
#38 /app/Http/Middleware/DemoMiddleware.php:22
#39 /vendor/laravel/framework/src/Illuminate/Pipeline/Pipeline.php:183
#40 /vendor/laravel/framework/src/Illuminate/Routing/Middleware/SubstituteBindings.php:50
#41 /vendor/laravel/framework/src/Illuminate/Pipeline/Pipeline.php:183
#42 /vendor/laravel/framework/src/Illuminate/Foundation/Http/Middleware/VerifyCsrfToken.php:78
#43 /vendor/laravel/framework/src/Illuminate/Pipeline/Pipeline.php:183
#44 /vendor/laravel/framework/src/Illuminate/View/Middleware/ShareErrorsFromSession.php:49
#45 /vendor/laravel/framework/src/Illuminate/Pipeline/Pipeline.php:183
#46 /vendor/laravel/framework/src/Illuminate/Session/Middleware/StartSession.php:121
#47 /vendor/laravel/framework/src/Illuminate/Session/Middleware/StartSession.php:64
#48 /vendor/laravel/framework/src/Illuminate/Pipeline/Pipeline.php:183
#49 /vendor/laravel/framework/src/Illuminate/Cookie/Middleware/AddQueuedCookiesToResponse.php:37
  
